Сборка начата 16.09.2023 15:52:09.
Уровень детализации журнала: Normal.     1>Проект "D:\Учёба\3сем\КПО\SELab16\SELab16.vcxproj" в узле 2 (целевые объекты Build).
     1>InitializeBuildStatus:
         Создание "Debug\SELab16.tlog\unsuccessfulbuild", так как было задано "AlwaysCreate".
       ClCompile:
         C:\Program Files\Microsoft Visual Studio\2022\Community\VC\Tools\MSVC\14.34.31933\bin\HostX86\x86\CL.exe /c /ZI /JMC /nologo /W3 /WX- /diagnostics:column /sdl /Od /Oy- /D WIN32 /D _DEBUG /D _CONSOLE /D _UNICODE /D UNICODE /Gm- /EHsc /RTC1 /MDd /GS /fp:precise /Zc:wchar_t /Zc:forScope /Zc:inline /permissive- /Fo"Debug\\" /Fd"Debug\vc143.pdb" /external:W3 /Gd /TP /analyze- /FC /errorReport:prompt SELab16.cpp
         SELab16.cpp
     1>D:\Учёба\3сем\КПО\SELab16\SELab16.cpp(5,12): warning C4326: возвращаемый тип "main" должен быть "int", а не "void"
       Link:
         C:\Program Files\Microsoft Visual Studio\2022\Community\VC\Tools\MSVC\14.34.31933\bin\HostX86\x86\link.exe /ERRORREPORT:PROMPT /OUT:"D:\Учёба\3сем\КПО\SELab16\Debug\SELab16.exe" /INCREMENTAL /ILK:"Debug\SELab16.ilk" /NOLOGO kernel32.lib user32.lib gdi32.lib winspool.lib comdlg32.lib advapi32.lib shell32.lib ole32.lib oleaut32.lib uuid.lib odbc32.lib odbccp32.lib /MANIFEST /MANIFESTUAC:"level='asInvoker' uiAccess='false'" /manifest:embed /DEBUG /PDB:"D:\Учёба\3сем\КПО\SELab16\Debug\SELab16.pdb" /SUBSYSTEM:CONSOLE /TLBID:1 /DYNAMICBASE /NXCOMPAT /IMPLIB:"D:\Учёба\3сем\КПО\SELab16\Debug\SELab16.lib" /MACHINE:X86 Debug\FST.obj
         Debug\SELab16.obj
         SELab16.vcxproj -> D:\Учёба\3сем\КПО\SELab16\Debug\SELab16.exe
       FinalizeBuildStatus:
         Файл "Debug\SELab16.tlog\unsuccessfulbuild" удаляется.
         Обращение к "Debug\SELab16.tlog\SELab16.lastbuildstate".
     1>Сборка проекта "D:\Учёба\3сем\КПО\SELab16\SELab16.vcxproj" завершена (целевые объекты Build).

Сборка успешно завершена.

       "D:\Учёба\3сем\КПО\SELab16\SELab16.vcxproj" (целевой объект Build ) (1) ->
       (Целевой объект ClCompile) -> 
         D:\Учёба\3сем\КПО\SELab16\SELab16.cpp(5,12): warning C4326: возвращаемый тип "main" должен быть "int", а не "void"

    Предупреждений: 1
    Ошибок: 0

Прошло времени 00:00:00.99
