Microsoft (R) Macro Assembler Version 14.34.31937.0	    10/24/23 16:36:38
lab2.asm						     Page 1 - 1


				.586
				.MODEL FLAT, STDCALL
				includelib kernel32.lib

				ExitProcess PROTO: DWORD
				MessageBoxA PROTO: DWORD, : DWORD, : DWORD, : DWORD

				.STACK 4096

 00000000			.CONST

 00000000			.DATA
 00000000 03			a		byte	3
 00000001 02			b		byte	2
 = 00000000			MB_OK	EQU		0
 00000002 CC EE FF 20 EF	STR1	DB	"Моя первая программа",0
	   E5 F0 E2 E0 FF
	   20 EF F0 EE E3
	   F0 E0 EC EC E0
	   00
 00000017 D0 E5 E7 F3 EB	STR2	DB	"Результат сложения= ",0
	   FC F2 E0 F2 20
	   F1 EB EE E6 E5
	   ED E8 FF 3D 20
	   00
 0000002C 00000000		HW		DD	?	

 00000000			.CODE

 00000000			main PROC 
 00000000			START :
 00000000  A0 00000000 R			mov al,a
 00000005  02 05 00000001 R			add al,b
 0000000B  04 30				add al,30h
 0000000D  A2 0000002A R			mov STR2+19,al
 00000012  6A 00				PUSH MB_OK 
 00000014  68 00000002 R			PUSH OFFSET STR1
 00000019  68 00000017 R			PUSH OFFSET STR2
 0000001E  FF 35 0000002C R			PUSH HW
 00000024  E8 00000000 E			call MessageBoxA
 00000029  6A FF			push -1
 0000002B  E8 00000000 E		call ExitProcess
 00000030			main ENDP

				end main
Microsoft (R) Macro Assembler Version 14.34.31937.0	    10/24/23 16:36:38
lab2.asm						     Symbols 2 - 1




Segments and Groups:

                N a m e                 Size     Length   Align   Combine Class

CONST  . . . . . . . . . . . . .	32 Bit	 00000000 Para	  Public  'CONST'	 ReadOnly
FLAT . . . . . . . . . . . . . .	GROUP
STACK  . . . . . . . . . . . . .	32 Bit	 00001000 Para	  Stack	  'STACK'	 
_DATA  . . . . . . . . . . . . .	32 Bit	 00000030 Para	  Public  'DATA'	
_TEXT  . . . . . . . . . . . . .	32 Bit	 00000030 Para	  Public  'CODE'	


Procedures, parameters, and locals:

                N a m e                 Type     Value    Attr

ExitProcess  . . . . . . . . . .	P Near	 00000000 FLAT	Length= 00000000 External STDCALL
MessageBoxA  . . . . . . . . . .	P Near	 00000000 FLAT	Length= 00000000 External STDCALL
main . . . . . . . . . . . . . .	P Near	 00000000 _TEXT	Length= 00000030 Public STDCALL
  START  . . . . . . . . . . . .	L Near	 00000000 _TEXT	


Symbols:

                N a m e                 Type     Value    Attr

@CodeSize  . . . . . . . . . . .	Number	 00000000h   
@DataSize  . . . . . . . . . . .	Number	 00000000h   
@Interface . . . . . . . . . . .	Number	 00000003h   
@Model . . . . . . . . . . . . .	Number	 00000007h   
@code  . . . . . . . . . . . . .	Text   	 _TEXT
@data  . . . . . . . . . . . . .	Text   	 FLAT
@fardata?  . . . . . . . . . . .	Text   	 FLAT
@fardata . . . . . . . . . . . .	Text   	 FLAT
@stack . . . . . . . . . . . . .	Text   	 FLAT
HW . . . . . . . . . . . . . . .	DWord	 0000002C _DATA	
MB_OK  . . . . . . . . . . . . .	Number	 00000000h   
STR1 . . . . . . . . . . . . . .	Byte	 00000002 _DATA	
STR2 . . . . . . . . . . . . . .	Byte	 00000017 _DATA	
a  . . . . . . . . . . . . . . .	Byte	 00000000 _DATA	
b  . . . . . . . . . . . . . . .	Byte	 00000001 _DATA	

	   0 Warnings
	   0 Errors
