Сборка начата 04.11.2023 15:16:46.
Уровень детализации журнала: Normal.     1>Проект "D:\Учёба\3сем\КПО\Лабы\Serialization and Deserialization\Deserealizer\Deserealizer.vcxproj" в узле 2 (целевые объекты Build).
     1>InitializeBuildStatus:
         Создание "Debug\Deserealizer.tlog\unsuccessfulbuild", так как было задано "AlwaysCreate".
       ClCompile:
         C:\Program Files\Microsoft Visual Studio\2022\Community\VC\Tools\MSVC\14.34.31933\bin\HostX86\x86\CL.exe /c /ZI /JMC /nologo /W3 /WX- /diagnostics:column /sdl /Od /Oy- /D WIN32 /D _DEBUG /D _CONSOLE /D _UNICODE /D UNICODE /Gm- /EHsc /RTC1 /MDd /GS /fp:precise /Zc:wchar_t /Zc:forScope /Zc:inline /permissive- /Fo"Debug\\" /Fd"Debug\vc143.pdb" /external:W3 /Gd /TP /analyze- /FC /errorReport:prompt Deserealizer.cpp
         Deserealizer.cpp
     1>D:\Учёба\3сем\КПО\Лабы\Serialization and Deserialization\Deserealizer\Deserealizer.h(12,2): warning C4091: static : пропускается слева от "Deserealizator", когда ни одна переменная не объявлена
       Link:
         C:\Program Files\Microsoft Visual Studio\2022\Community\VC\Tools\MSVC\14.34.31933\bin\HostX86\x86\link.exe /ERRORREPORT:PROMPT /OUT:"D:\Учёба\3сем\КПО\Лабы\Serialization and Deserialization\Debug\Deserealizer.exe" /INCREMENTAL /ILK:"Debug\Deserealizer.ilk" /NOLOGO kernel32.lib user32.lib gdi32.lib winspool.lib comdlg32.lib advapi32.lib shell32.lib ole32.lib oleaut32.lib uuid.lib odbc32.lib odbccp32.lib /MANIFEST /MANIFESTUAC:"level='asInvoker' uiAccess='false'" /manifest:embed /DEBUG /PDB:"D:\Учёба\3сем\КПО\Лабы\Serialization and Deserialization\Debug\Deserealizer.pdb" /SUBSYSTEM:CONSOLE /TLBID:1 /DYNAMICBASE /NXCOMPAT /IMPLIB:"D:\Учёба\3сем\КПО\Лабы\Serialization and Deserialization\Debug\Deserealizer.lib" /MACHINE:X86 Debug\Deserealization.obj
         Debug\Deserealizer.obj
         Deserealizer.vcxproj -> D:\Учёба\3сем\КПО\Лабы\Serialization and Deserialization\Debug\Deserealizer.exe
       FinalizeBuildStatus:
         Файл "Debug\Deserealizer.tlog\unsuccessfulbuild" удаляется.
         Обращение к "Debug\Deserealizer.tlog\Deserealizer.lastbuildstate".
     1>Сборка проекта "D:\Учёба\3сем\КПО\Лабы\Serialization and Deserialization\Deserealizer\Deserealizer.vcxproj" завершена (целевые объекты Build).

Сборка успешно завершена.

       "D:\Учёба\3сем\КПО\Лабы\Serialization and Deserialization\Deserealizer\Deserealizer.vcxproj" (целевой объект Build ) (1) ->
       (Целевой объект ClCompile) -> 
         D:\Учёба\3сем\КПО\Лабы\Serialization and Deserialization\Deserealizer\Deserealizer.h(12,2): warning C4091: static : пропускается слева от "Deserealizator", когда ни одна переменная не объявлена

    Предупреждений: 1
    Ошибок: 0

Прошло времени 00:00:00.77
