Сборка начата 14.11.2023 22:34:29.
Уровень детализации журнала: Normal.     1>Проект "D:\Учёба\3сем\КПО\Лабы\SE_Asm05\StaticLib\StaticLib.vcxproj" в узле 2 (целевые объекты Build).
     1>InitializeBuildStatus:
         Создание "Debug\StaticLib.tlog\unsuccessfulbuild", так как было задано "AlwaysCreate".
       ClCompile:
         Для всех выходных данных обновления не требуется.
         C:\Program Files\Microsoft Visual Studio\2022\Community\VC\Tools\MSVC\14.34.31933\bin\HostX86\x86\CL.exe /c /ZI /JMC /nologo /W3 /WX- /diagnostics:column /sdl /Od /Oy- /D WIN32 /D _DEBUG /D _CONSOLE /D _UNICODE /D UNICODE /Gm- /EHsc /RTC1 /MD /GS /fp:precise /Zc:wchar_t /Zc:forScope /Zc:inline /permissive- /Fo"Debug\\" /Fd"D:\Учёба\3сем\КПО\Лабы\SE_Asm05\Debug\StaticLib.pdb" /external:W3 /Gd /TP /analyze- /FC /errorReport:prompt StandartFunc.cpp
         StandartFunc.cpp
     1>D:\Учёба\3сем\КПО\Лабы\SE_Asm05\StaticLib\StandartFunc.cpp(57,13): warning C4244: return: преобразование "double" в "int", возможна потеря данных
     1>D:\Учёба\3сем\КПО\Лабы\SE_Asm05\StaticLib\StandartFunc.cpp(62,13): warning C4244: аргумент: преобразование "time_t" в "unsigned int", возможна потеря данных
     1>D:\Учёба\3сем\КПО\Лабы\SE_Asm05\StaticLib\StandartFunc.cpp(77,14): warning C4244: return: преобразование "double" в "int", возможна потеря данных
       Lib:
         C:\Program Files\Microsoft Visual Studio\2022\Community\VC\Tools\MSVC\14.34.31933\bin\HostX86\x86\Lib.exe /OUT:"D:\Учёба\3сем\КПО\Лабы\SE_Asm05\Debug\StaticLib.lib" /NOLOGO /MACHINE:X86 Debug\StandartFunc.obj
         StaticLib.vcxproj -> D:\Учёба\3сем\КПО\Лабы\SE_Asm05\Debug\StaticLib.lib
       FinalizeBuildStatus:
         Файл "Debug\StaticLib.tlog\unsuccessfulbuild" удаляется.
         Обращение к "Debug\StaticLib.tlog\StaticLib.lastbuildstate".
     1>Сборка проекта "D:\Учёба\3сем\КПО\Лабы\SE_Asm05\StaticLib\StaticLib.vcxproj" завершена (целевые объекты Build).

Сборка успешно завершена.

       "D:\Учёба\3сем\КПО\Лабы\SE_Asm05\StaticLib\StaticLib.vcxproj" (целевой объект Build ) (1) ->
       (Целевой объект ClCompile) -> 
         D:\Учёба\3сем\КПО\Лабы\SE_Asm05\StaticLib\StandartFunc.cpp(57,13): warning C4244: return: преобразование "double" в "int", возможна потеря данных
         D:\Учёба\3сем\КПО\Лабы\SE_Asm05\StaticLib\StandartFunc.cpp(62,13): warning C4244: аргумент: преобразование "time_t" в "unsigned int", возможна потеря данных
         D:\Учёба\3сем\КПО\Лабы\SE_Asm05\StaticLib\StandartFunc.cpp(77,14): warning C4244: return: преобразование "double" в "int", возможна потеря данных

    Предупреждений: 3
    Ошибок: 0

Прошло времени 00:00:01.52
