Сборка начата 04.11.2023 0:55:39.
Уровень детализации журнала: Normal.     1>Проект "D:\Учёба\3сем\КПО\Лабы\Serialization\Serialization.vcxproj" в узле 2 (целевые объекты Build).
     1>InitializeBuildStatus:
         Создание "x64\Debug\Serialization.tlog\unsuccessfulbuild", так как было задано "AlwaysCreate".
       ClCompile:
         C:\Program Files\Microsoft Visual Studio\2022\Community\VC\Tools\MSVC\14.34.31933\bin\HostX64\x64\CL.exe /c /ZI /JMC /nologo /W3 /WX- /diagnostics:column /sdl /Od /D _DEBUG /D _CONSOLE /D _UNICODE /D UNICODE /Gm- /EHsc /RTC1 /MDd /GS /fp:precise /Zc:wchar_t /Zc:forScope /Zc:inline /permissive- /Fo"x64\Debug\\" /Fd"x64\Debug\vc143.pdb" /external:W3 /Gd /TP /FC /errorReport:prompt Serealizater.cpp
         Serealizater.cpp
     1>D:\Учёба\3сем\КПО\Лабы\Serialization\Serealizater.h(8,2): warning C4091: static : пропускается слева от "Serealizer", когда ни одна переменная не объявлена
       Link:
         C:\Program Files\Microsoft Visual Studio\2022\Community\VC\Tools\MSVC\14.34.31933\bin\HostX64\x64\link.exe /ERRORREPORT:PROMPT /OUT:"D:\Учёба\3сем\КПО\Лабы\Serialization and Deserialization\x64\Debug\Serialization.exe" /INCREMENTAL /ILK:"x64\Debug\Serialization.ilk" /NOLOGO kernel32.lib user32.lib gdi32.lib winspool.lib comdlg32.lib advapi32.lib shell32.lib ole32.lib oleaut32.lib uuid.lib odbc32.lib odbccp32.lib /MANIFEST /MANIFESTUAC:"level='asInvoker' uiAccess='false'" /manifest:embed /DEBUG /PDB:"D:\Учёба\3сем\КПО\Лабы\Serialization and Deserialization\x64\Debug\Serialization.pdb" /SUBSYSTEM:CONSOLE /TLBID:1 /DYNAMICBASE /NXCOMPAT /IMPLIB:"D:\Учёба\3сем\КПО\Лабы\Serialization and Deserialization\x64\Debug\Serialization.lib" /MACHINE:X64 x64\Debug\Serealizater.obj
         x64\Debug\Serialization.obj
         Serialization.vcxproj -> D:\Учёба\3сем\КПО\Лабы\Serialization and Deserialization\x64\Debug\Serialization.exe
       FinalizeBuildStatus:
         Файл "x64\Debug\Serialization.tlog\unsuccessfulbuild" удаляется.
         Обращение к "x64\Debug\Serialization.tlog\Serialization.lastbuildstate".
     1>Сборка проекта "D:\Учёба\3сем\КПО\Лабы\Serialization\Serialization.vcxproj" завершена (целевые объекты Build).

Сборка успешно завершена.

       "D:\Учёба\3сем\КПО\Лабы\Serialization\Serialization.vcxproj" (целевой объект Build ) (1) ->
       (Целевой объект ClCompile) -> 
         D:\Учёба\3сем\КПО\Лабы\Serialization\Serealizater.h(8,2): warning C4091: static : пропускается слева от "Serealizer", когда ни одна переменная не объявлена

    Предупреждений: 1
    Ошибок: 0

Прошло времени 00:00:00.82
